\BOOKMARK [1][-]{section.1}{\376\377\000E\000x\000e\000c\000u\000t\000i\000v\000e\000\040\000S\000u\000m\000m\000a\000r\000y}{}% 1
\BOOKMARK [2][-]{subsection.1.1}{\376\377\000K\000e\000y\000\040\000F\000e\000a\000t\000u\000r\000e\000s}{section.1}% 2
\BOOKMARK [2][-]{subsection.1.2}{\376\377\000P\000e\000r\000f\000o\000r\000m\000a\000n\000c\000e\000\040\000H\000i\000g\000h\000l\000i\000g\000h\000t\000s}{section.1}% 3
\BOOKMARK [1][-]{section.2}{\376\377\000S\000y\000s\000t\000e\000m\000\040\000A\000r\000c\000h\000i\000t\000e\000c\000t\000u\000r\000e}{}% 4
\BOOKMARK [2][-]{subsection.2.1}{\376\377\000H\000i\000g\000h\000-\000L\000e\000v\000e\000l\000\040\000A\000r\000c\000h\000i\000t\000e\000c\000t\000u\000r\000e}{section.2}% 5
\BOOKMARK [2][-]{subsection.2.2}{\376\377\000C\000o\000r\000e\000\040\000C\000o\000m\000p\000o\000n\000e\000n\000t\000s}{section.2}% 6
\BOOKMARK [3][-]{subsubsection.2.2.1}{\376\377\000I\000n\000-\000M\000e\000m\000o\000r\000y\000\040\000V\000e\000c\000t\000o\000r\000\040\000S\000t\000o\000r\000e}{subsection.2.2}% 7
\BOOKMARK [3][-]{subsubsection.2.2.2}{\376\377\000E\000m\000b\000e\000d\000d\000i\000n\000g\000\040\000S\000y\000s\000t\000e\000m}{subsection.2.2}% 8
\BOOKMARK [1][-]{section.3}{\376\377\000H\000a\000l\000l\000u\000c\000i\000n\000a\000t\000i\000o\000n\000\040\000P\000r\000e\000v\000e\000n\000t\000i\000o\000n\000\040\000S\000y\000s\000t\000e\000m}{}% 9
\BOOKMARK [2][-]{subsection.3.1}{\376\377\000T\000h\000e\000\040\000H\000a\000l\000l\000u\000c\000i\000n\000a\000t\000i\000o\000n\000\040\000P\000r\000o\000b\000l\000e\000m}{section.3}% 10
\BOOKMARK [2][-]{subsection.3.2}{\376\377\000M\000u\000l\000t\000i\000-\000L\000a\000y\000e\000r\000\040\000D\000e\000f\000e\000n\000s\000e\000\040\000A\000r\000c\000h\000i\000t\000e\000c\000t\000u\000r\000e}{section.3}% 11
\BOOKMARK [2][-]{subsection.3.3}{\376\377\000L\000a\000y\000e\000r\000\040\0001\000:\000\040\000R\000e\000l\000e\000v\000a\000n\000c\000e\000\040\000T\000h\000r\000e\000s\000h\000o\000l\000d}{section.3}% 12
\BOOKMARK [2][-]{subsection.3.4}{\376\377\000L\000a\000y\000e\000r\000\040\0001\000b\000:\000\040\000W\000e\000a\000k\000\040\000R\000e\000t\000r\000i\000e\000v\000a\000l\000\040\000R\000e\000f\000u\000s\000a\000l}{section.3}% 13
\BOOKMARK [2][-]{subsection.3.5}{\376\377\000L\000a\000y\000e\000r\000\040\0002\000:\000\040\000S\000y\000s\000t\000e\000m\000\040\000P\000r\000o\000m\000p\000t\000\040\000G\000r\000o\000u\000n\000d\000i\000n\000g}{section.3}% 14
\BOOKMARK [2][-]{subsection.3.6}{\376\377\000L\000a\000y\000e\000r\000\040\0003\000:\000\040\000U\000R\000L\000\040\000W\000h\000i\000t\000e\000l\000i\000s\000t\000\040\000V\000a\000l\000i\000d\000a\000t\000i\000o\000n}{section.3}% 15
\BOOKMARK [2][-]{subsection.3.7}{\376\377\000L\000a\000y\000e\000r\000\040\0004\000:\000\040\000C\000i\000t\000a\000t\000i\000o\000n\000\040\000V\000e\000r\000i\000f\000i\000c\000a\000t\000i\000o\000n}{section.3}% 16
\BOOKMARK [2][-]{subsection.3.8}{\376\377\000L\000a\000y\000e\000r\000\040\0005\000:\000\040\000N\000u\000m\000b\000e\000r\000/\000P\000e\000r\000c\000e\000n\000t\000a\000g\000e\000\040\000V\000e\000r\000i\000f\000i\000c\000a\000t\000i\000o\000n\000\040\000\050\000Z\000e\000r\000o\000\040\000T\000o\000k\000e\000n\000s\000\051}{section.3}% 17
\BOOKMARK [2][-]{subsection.3.9}{\376\377\000L\000a\000y\000e\000r\000\040\0006\000:\000\040\000C\000i\000t\000a\000t\000i\000o\000n\000\040\000C\000l\000e\000a\000n\000u\000p\000\040\000\050\000Z\000e\000r\000o\000\040\000T\000o\000k\000e\000n\000s\000\051}{section.3}% 18
\BOOKMARK [2][-]{subsection.3.10}{\376\377\000L\000a\000y\000e\000r\000\040\0007\000:\000\040\000C\000o\000n\000f\000i\000d\000e\000n\000c\000e\000\040\000W\000a\000r\000n\000i\000n\000g\000\040\000P\000r\000e\000f\000i\000x}{section.3}% 19
\BOOKMARK [2][-]{subsection.3.11}{\376\377\000H\000a\000l\000l\000u\000c\000i\000n\000a\000t\000i\000o\000n\000\040\000P\000r\000e\000v\000e\000n\000t\000i\000o\000n\000\040\000M\000e\000t\000r\000i\000c\000s}{section.3}% 20
\BOOKMARK [2][-]{subsection.3.12}{\376\377\000Z\000e\000r\000o\000-\000T\000o\000k\000e\000n\000\040\000P\000o\000s\000t\000-\000P\000r\000o\000c\000e\000s\000s\000i\000n\000g\000\040\000B\000e\000n\000e\000f\000i\000t\000s}{section.3}% 21
\BOOKMARK [1][-]{section.4}{\376\377\000K\000n\000o\000w\000l\000e\000d\000g\000e\000\040\000G\000r\000a\000p\000h\000\040\000f\000o\000r\000\040\000E\000n\000h\000a\000n\000c\000e\000d\000\040\000C\000a\000c\000h\000e\000\040\000L\000o\000o\000k\000u\000p\000s}{}% 22
\BOOKMARK [2][-]{subsection.4.1}{\376\377\000G\000r\000a\000p\000h\000\040\000A\000r\000c\000h\000i\000t\000e\000c\000t\000u\000r\000e\000\040\000O\000v\000e\000r\000v\000i\000e\000w}{section.4}% 23
\BOOKMARK [2][-]{subsection.4.2}{\376\377\000N\000o\000d\000e\000\040\000T\000y\000p\000e\000s}{section.4}% 24
\BOOKMARK [2][-]{subsection.4.3}{\376\377\000E\000n\000t\000i\000t\000y\000\040\000E\000x\000t\000r\000a\000c\000t\000i\000o\000n}{section.4}% 25
\BOOKMARK [3][-]{subsubsection.4.3.1}{\376\377\000E\000x\000t\000r\000a\000c\000t\000e\000d\000\040\000E\000n\000t\000i\000t\000y\000\040\000E\000x\000a\000m\000p\000l\000e\000s}{subsection.4.3}% 26
\BOOKMARK [2][-]{subsection.4.4}{\376\377\000T\000o\000p\000i\000c\000\040\000C\000l\000a\000s\000s\000i\000f\000i\000c\000a\000t\000i\000o\000n}{section.4}% 27
\BOOKMARK [2][-]{subsection.4.5}{\376\377\000M\000u\000l\000t\000i\000-\000J\000o\000i\000n\000\040\000C\000a\000c\000h\000e\000\040\000L\000o\000o\000k\000u\000p}{section.4}% 28
\BOOKMARK [2][-]{subsection.4.6}{\376\377\000C\000a\000c\000h\000e\000\040\000H\000i\000e\000r\000a\000r\000c\000h\000y\000\040\000w\000i\000t\000h\000\040\000G\000r\000a\000p\000h}{section.4}% 29
\BOOKMARK [2][-]{subsection.4.7}{\376\377\000V\000e\000r\000i\000f\000i\000c\000a\000t\000i\000o\000n\000\040\000a\000n\000d\000\040\000F\000l\000a\000g\000g\000i\000n\000g}{section.4}% 30
\BOOKMARK [2][-]{subsection.4.8}{\376\377\000H\000a\000l\000l\000u\000c\000i\000n\000a\000t\000i\000o\000n\000\040\000P\000r\000e\000v\000e\000n\000t\000i\000o\000n\000\040\000v\000i\000a\000\040\000G\000r\000a\000p\000h}{section.4}% 31
\BOOKMARK [2][-]{subsection.4.9}{\376\377\000D\000a\000t\000a\000b\000a\000s\000e\000\040\000S\000c\000h\000e\000m\000a}{section.4}% 32
\BOOKMARK [1][-]{section.5}{\376\377\000I\000n\000t\000e\000l\000l\000i\000g\000e\000n\000t\000\040\000M\000o\000d\000e\000l\000\040\000R\000o\000u\000t\000i\000n\000g}{}% 33
\BOOKMARK [2][-]{subsection.5.1}{\376\377\000R\000o\000u\000t\000i\000n\000g\000\040\000D\000e\000c\000i\000s\000i\000o\000n\000\040\000T\000r\000e\000e}{section.5}% 34
\BOOKMARK [2][-]{subsection.5.2}{\376\377\000C\000o\000m\000p\000l\000e\000x\000i\000t\000y\000\040\000I\000n\000d\000i\000c\000a\000t\000o\000r\000s}{section.5}% 35
\BOOKMARK [2][-]{subsection.5.3}{\376\377\000C\000o\000s\000t\000\040\000I\000m\000p\000a\000c\000t}{section.5}% 36
\BOOKMARK [1][-]{section.6}{\376\377\000M\000a\000t\000h\000e\000m\000a\000t\000i\000c\000a\000l\000\040\000F\000o\000r\000m\000u\000l\000a\000t\000i\000o\000n\000s}{}% 37
\BOOKMARK [2][-]{subsection.6.1}{\376\377\000C\000o\000s\000i\000n\000e\000\040\000S\000i\000m\000i\000l\000a\000r\000i\000t\000y\000\040\000S\000e\000a\000r\000c\000h}{section.6}% 38
\BOOKMARK [2][-]{subsection.6.2}{\376\377\000T\000o\000p\000-\000K\000\040\000R\000e\000t\000r\000i\000e\000v\000a\000l}{section.6}% 39
\BOOKMARK [2][-]{subsection.6.3}{\376\377\000M\000o\000d\000e\000l\000\040\000R\000o\000u\000t\000i\000n\000g\000\040\000S\000c\000o\000r\000e}{section.6}% 40
\BOOKMARK [1][-]{section.7}{\376\377\000I\000m\000p\000l\000e\000m\000e\000n\000t\000a\000t\000i\000o\000n\000\040\000D\000e\000t\000a\000i\000l\000s}{}% 41
\BOOKMARK [2][-]{subsection.7.1}{\376\377\000T\000e\000c\000h\000n\000o\000l\000o\000g\000y\000\040\000S\000t\000a\000c\000k}{section.7}% 42
\BOOKMARK [2][-]{subsection.7.2}{\376\377\000F\000i\000l\000e\000\040\000S\000t\000r\000u\000c\000t\000u\000r\000e}{section.7}% 43
\BOOKMARK [2][-]{subsection.7.3}{\376\377\000M\000o\000d\000e\000l\000\040\000S\000p\000e\000c\000i\000f\000i\000c\000a\000t\000i\000o\000n\000s}{section.7}% 44
\BOOKMARK [1][-]{section.8}{\376\377\000P\000e\000r\000f\000o\000r\000m\000a\000n\000c\000e\000\040\000C\000h\000a\000r\000a\000c\000t\000e\000r\000i\000s\000t\000i\000c\000s}{}% 45
\BOOKMARK [2][-]{subsection.8.1}{\376\377\000L\000a\000t\000e\000n\000c\000y\000\040\000A\000n\000a\000l\000y\000s\000i\000s}{section.8}% 46
\BOOKMARK [2][-]{subsection.8.2}{\376\377\000Q\000u\000a\000l\000i\000t\000y\000\040\000M\000e\000t\000r\000i\000c\000s}{section.8}% 47
\BOOKMARK [2][-]{subsection.8.3}{\376\377\000C\000o\000s\000t\000\040\000C\000o\000m\000p\000a\000r\000i\000s\000o\000n}{section.8}% 48
\BOOKMARK [1][-]{section.9}{\376\377\000V\000e\000c\000t\000o\000r\000\040\000S\000t\000o\000r\000e\000\040\000P\000e\000r\000f\000o\000r\000m\000a\000n\000c\000e\000\040\000B\000e\000n\000c\000h\000m\000a\000r\000k\000s}{}% 49
\BOOKMARK [2][-]{subsection.9.1}{\376\377\000B\000e\000n\000c\000h\000m\000a\000r\000k\000\040\000C\000o\000n\000f\000i\000g\000u\000r\000a\000t\000i\000o\000n}{section.9}% 50
\BOOKMARK [2][-]{subsection.9.2}{\376\377\000L\000a\000t\000e\000n\000c\000y\000\040\000R\000e\000s\000u\000l\000t\000s}{section.9}% 51
\BOOKMARK [2][-]{subsection.9.3}{\376\377\000T\000h\000r\000o\000u\000g\000h\000p\000u\000t\000\040\000R\000e\000s\000u\000l\000t\000s}{section.9}% 52
\BOOKMARK [2][-]{subsection.9.4}{\376\377\000I\000n\000d\000e\000x\000\040\000B\000u\000i\000l\000d\000\040\000P\000e\000r\000f\000o\000r\000m\000a\000n\000c\000e}{section.9}% 53
\BOOKMARK [2][-]{subsection.9.5}{\376\377\000K\000e\000y\000\040\000F\000i\000n\000d\000i\000n\000g\000s}{section.9}% 54
\BOOKMARK [2][-]{subsection.9.6}{\376\377\000A\000r\000c\000h\000i\000t\000e\000c\000t\000u\000r\000e\000\040\000R\000e\000c\000o\000m\000m\000e\000n\000d\000a\000t\000i\000o\000n}{section.9}% 55
\BOOKMARK [1][-]{section.10}{\376\377\000C\000o\000r\000p\000u\000s\000\040\000a\000n\000d\000\040\000K\000n\000o\000w\000l\000e\000d\000g\000e\000\040\000B\000a\000s\000e}{}% 56
\BOOKMARK [2][-]{subsection.10.1}{\376\377\000D\000o\000c\000u\000m\000e\000n\000t\000\040\000P\000r\000o\000c\000e\000s\000s\000i\000n\000g}{section.10}% 57
\BOOKMARK [2][-]{subsection.10.2}{\376\377\000C\000h\000u\000n\000k\000\040\000M\000e\000t\000a\000d\000a\000t\000a}{section.10}% 58
\BOOKMARK [1][-]{section.11}{\376\377\000S\000e\000c\000u\000r\000i\000t\000y\000\040\000a\000n\000d\000\040\000D\000e\000p\000l\000o\000y\000m\000e\000n\000t}{}% 59
\BOOKMARK [2][-]{subsection.11.1}{\376\377\000S\000e\000c\000u\000r\000i\000t\000y\000\040\000M\000e\000a\000s\000u\000r\000e\000s}{section.11}% 60
\BOOKMARK [2][-]{subsection.11.2}{\376\377\000D\000e\000p\000l\000o\000y\000m\000e\000n\000t\000\040\000A\000r\000c\000h\000i\000t\000e\000c\000t\000u\000r\000e}{section.11}% 61
\BOOKMARK [1][-]{section.12}{\376\377\000C\000o\000n\000c\000l\000u\000s\000i\000o\000n}{}% 62
\BOOKMARK [2][-]{subsection.12.1}{\376\377\0007\000-\000L\000a\000y\000e\000r\000\040\000H\000a\000l\000l\000u\000c\000i\000n\000a\000t\000i\000o\000n\000\040\000P\000r\000e\000v\000e\000n\000t\000i\000o\000n\000\040\000S\000u\000m\000m\000a\000r\000y}{section.12}% 63
